{'ID': 'MLA843116615', 'TITLE': 'Monitor Dell P2419h Led 24  Negro 100v/240v', 'CATEGORY_ID': 'MLA14407', 'NAME': 'Monitores'}
{'ID': 'MLA884736096', 'TITLE': 'Router Cisco Rv Series Rv340  Negro 100v/240v 1 Unidad', 'CATEGORY_ID': 'MLA430901', 'NAME': 'Routers'}
{'ID': 'MLA838441150', 'TITLE': 'Servidor Poweredge Dell T40 Xeon E3-2224 16gb 1tb Hd Gtia', 'CATEGORY_ID': 'MLA1649', 'NAME': 'PC'}
{'ID': 'MLA901188774', 'TITLE': 'Notebook Dell Latitude I7 3510 32gb 256ssd + 480ssd Gf W10p', 'CATEGORY_ID': 'MLA1652', 'NAME': 'Notebooks'}
{'ID': 'MLA604049998', 'TITLE': 'Ups Apc Easy Bv650i-ar 650va Gtia Oficial 2 Años Bv650', 'CATEGORY_ID': 'MLA1720', 'NAME': 'UPS'}
{'ID': 'MLA619999038', 'TITLE': 'Ups Apc 550va 3 Tomas Gtia Oficial 2 Años Estabilizador Y Protector De Tension Con Ahorro De Energia', 'CATEGORY_ID': 'MLA1720', 'NAME': 'UPS'}
{'ID': 'MLA905092379', 'TITLE': 'Servidor Dell T140 Xeon E3-2124 16gb 4tb (2 X 2tb)', 'CATEGORY_ID': 'MLA1649', 'NAME': 'PC'}
{'ID': 'MLA901281068', 'TITLE': 'Notebook Dell Inspiron Amd Ryzen 5 8gb 256ssd + 1tb 15,6 W10', 'CATEGORY_ID': 'MLA1652', 'NAME': 'Notebooks'}
{'ID': 'MLA685442693', 'TITLE': 'Switch Cisco 24 Puertos Gigabit Rack 10/100/1000', 'CATEGORY_ID': 'MLA1708', 'NAME': 'Switches'}
{'ID': 'MLA723894205', 'TITLE': 'Router Cisco Dual Wan Vpn Firewall Rv340-k9 Oferta Gtia Oficial - Factura A Y B', 'CATEGORY_ID': 'MLA430901', 'NAME': 'Routers'}
{'ID': 'MLA905177466', 'TITLE': 'Ups Apc Src1ki-ar 1000va Online Tower Src1ki Gtia 2 Años', 'CATEGORY_ID': 'MLA1719', 'NAME': 'Estabilizadores'}
{'ID': 'MLA740540307', 'TITLE': 'Servidor Poweredge Dell T40 Xeon E3-1225 8gb 1tb Hd Free Dos', 'CATEGORY_ID': 'MLA1649', 'NAME': 'PC'}
{'ID': 'MLA901150550', 'TITLE': 'Notebook Dell Latitude I7 3510 16gb 256ssd Geforce W10 Pro', 'CATEGORY_ID': 'MLA1652', 'NAME': 'Notebooks'}
{'ID': 'MLA696010903', 'TITLE': 'Ups Apc Src2ki-ar 2000va Online Tower Src2ki', 'CATEGORY_ID': 'MLA1720', 'NAME': 'UPS'}
{'ID': 'MLA614718493', 'TITLE': 'Ups Apc Bx1100ci Para Tv, Play, Audio, 6 Tomas Estabilizador', 'CATEGORY_ID': 'MLA1720', 'NAME': 'UPS'}
{'ID': 'MLA665986505', 'TITLE': 'Servidor Dell T140 Xeon E3-2124 16gb 2tb Reemplazo T130', 'CATEGORY_ID': 'MLA1649', 'NAME': 'PC'}
{'ID': 'MLA906672667', 'TITLE': 'Notebook Dell Inspiron Amd Ryzen 5 16gb 256 + 480 Ssd Win10', 'CATEGORY_ID': 'MLA1652', 'NAME': 'Notebooks'}
{'ID': 'MLA701423768', 'TITLE': 'Switch Cisco 8 Puertos Port 10/100/1000 Giga Sg100 Oferta Para Hogar Y Empresa - Garantia Oficial - Factura A Y B', 'CATEGORY_ID': 'MLA1708', 'NAME': 'Switches'}
{'ID': 'MLA763012088', 'TITLE': 'Monitor Dell 24 Profesional P2419h 1080 60hz Vertical', 'CATEGORY_ID': 'MLA14407', 'NAME': 'Monitores'}
{'ID': 'MLA609714711', 'TITLE': 'Ups Apc Back-ups Pro 550va 230 Estabilizador Y Protector De Tensión Con Ahorro De Energia Gtia Oficial Br550', 'CATEGORY_ID': 'MLA1720', 'NAME': 'UPS'}
{'ID': 'MLA896718634', 'TITLE': 'Servidor Poweredge Dell T40 Xeon E3-2224 16gb 2tb Hd Gtia', 'CATEGORY_ID': 'MLA1649', 'NAME': 'PC'}
{'ID': 'MLA907110256', 'TITLE': 'Notebook Dell Inspiron Amd Ryzen 5 32gb 256gb 15,6 Win10', 'CATEGORY_ID': 'MLA1652', 'NAME': 'Notebooks'}
{'ID': 'MLA608914689', 'TITLE': 'Ups Apc Br1200g Ar 1200va Estabilizador Br1200 Gtia 2 Años', 'CATEGORY_ID': 'MLA1720', 'NAME': 'UPS'}
{'ID': 'MLA609550688', 'TITLE': 'Ups Apc Easy 500va Estabilizador Y Protector De Tension Con Ahorro De Energia Gtia Oficial 2 Años', 'CATEGORY_ID': 'MLA1720', 'NAME': 'UPS'}
{'ID': 'MLA862050665', 'TITLE': 'Servidor Poweredge Dell T40 Intel E3-2224 16gb 1tb Hd Cuotas', 'CATEGORY_ID': 'MLA1649', 'NAME': 'PC'}
{'ID': 'MLA906671838', 'TITLE': 'Notebook Dell Inspiron Amd Ryzen 5 16gb 256ssd + 1tb Win10', 'CATEGORY_ID': 'MLA1652', 'NAME': 'Notebooks'}
{'ID': 'MLA673321805', 'TITLE': 'Ups Apc 1500va Estabilizador Y Protector De Tension - Alto Rendimiento Para Pc De Hogar Y Oficina Gtia 2años', 'CATEGORY_ID': 'MLA1720', 'NAME': 'UPS'}
{'ID': 'MLA614270244', 'TITLE': 'Ups Apc 1000va Para Pc Gamer Simil Bx1100 Bv1000i-ar Estabilizador Y Protector De Tension Gtia Oficial 2 Años', 'CATEGORY_ID': 'MLA1720', 'NAME': 'UPS'}
{'ID': 'MLA814217735', 'TITLE': 'Servidor Dell T140 Xeon E3-2124 32gb 4tb Reemplazo T130', 'CATEGORY_ID': 'MLA1649', 'NAME': 'PC'}
{'ID': 'MLA665712636', 'TITLE': 'Notebook Dell I7 16gb 1tb + Ssd Windows 10', 'CATEGORY_ID': 'MLA1652', 'NAME': 'Notebooks'}
{'ID': 'MLA696009826', 'TITLE': 'Ups Apc 1000va Online Tower Gtia 2 Años', 'CATEGORY_ID': 'MLA1720', 'NAME': 'UPS'}
{'ID': 'MLA790641629', 'TITLE': 'Monitor Dell 24 Profesional P2419h - Modelo Nuevo! Ex-p2417h', 'CATEGORY_ID': 'MLA14407', 'NAME': 'Monitores'}
{'ID': 'MLA800415301', 'TITLE': 'Servidor Dell T140 Xeon E3-2124 16gb 2tb Reemplazo T130', 'CATEGORY_ID': 'MLA1649', 'NAME': 'PC'}
{'ID': 'MLA837839027', 'TITLE': 'Notebook Laptop Dell I7 10g 32g 256ssd + 480ssd W10 Gforce', 'CATEGORY_ID': 'MLA1652', 'NAME': 'Notebooks'}
{'ID': 'MLA795525764', 'TITLE': 'Ups Apc Easy Bv650i-ar 650va Gtia Oficial 2 Años Bv650', 'CATEGORY_ID': 'MLA1720', 'NAME': 'UPS'}
{'ID': 'MLA609714710', 'TITLE': 'Ups Apc 900va Back-ups 6 Tomas Estabilizador Y Protector De Tension Gtia Oficial 2años Br900 Para Tv, Play, Pc', 'CATEGORY_ID': 'MLA1720', 'NAME': 'UPS'}
{'ID': 'MLA604317175', 'TITLE': 'Ups Apc 800va 6 Tomas Estabilizador Y Protector De Tension Gtia Oficial De 2 Años Para Gamer Bx800 Para Tv, Play', 'CATEGORY_ID': 'MLA1720', 'NAME': 'UPS'}
{'ID': 'MLA837842655', 'TITLE': 'Notebook Dell Inspiron I7 256ssd 32gb 15.6 W10 Gforce Oferta', 'CATEGORY_ID': 'MLA1652', 'NAME': 'Notebooks'}
{'ID': 'MLA683834424', 'TITLE': 'Router Cisco Rv160w Wireless Ac Vpn Dualband Usb Oferta', 'CATEGORY_ID': 'MLA430901', 'NAME': 'Routers'}
{'ID': 'MLA838954057', 'TITLE': 'Router Linksys Wifi Ea7300 Mimo Smart Router Ac1750', 'CATEGORY_ID': 'MLA430901', 'NAME': 'Routers'}
{'ID': 'MLA806656370', 'TITLE': 'Router Wifi Linksys Ea6100 Dualband Usb 3.0 Control Parental', 'CATEGORY_ID': 'MLA430901', 'NAME': 'Routers'}
{'ID': 'MLA663213659', 'TITLE': 'Notebook Laptop Dell Vostro I5 8gb 1tb 14 Win 10pro Teclado Con Ñ Gtia De Tienda Oficial - Factura A / B', 'CATEGORY_ID': 'MLA1652', 'NAME': 'Notebooks'}
{'ID': 'MLA896792795', 'TITLE': 'Notebook Laptop Dell Inspiron I3 16gb 1tb + 240ssd Ubuntu', 'CATEGORY_ID': 'MLA1652', 'NAME': 'Notebooks'}
{'ID': 'MLA675284743', 'TITLE': 'Router Cisco Rv160-k9-ar Cisco Rv160 Vpn Smb', 'CATEGORY_ID': 'MLA430901', 'NAME': 'Routers'}
{'ID': 'MLA791968195', 'TITLE': 'Escaner Kodak S2040 Alta Velocidad 600dpi Duplex 5000 X Dia', 'CATEGORY_ID': 'MLA72721', 'NAME': 'Scanners'}
{'ID': 'MLA850688285', 'TITLE': 'Notebook Dell Inspiron I5 256ssd + 1tb 16gb W10 Gforce Ram', 'CATEGORY_ID': 'MLA1652', 'NAME': 'Notebooks'}
{'ID': 'MLA884558749', 'TITLE': 'Sistema Wi-fi Mesh Linksys Velop Tribanda (ac6600) 3 Unid', 'CATEGORY_ID': 'MLA430901', 'NAME': 'Routers'}
{'ID': 'MLA896790812', 'TITLE': 'Notebook Laptop Dell Inspiron I3 8gb 1tb + 240ssd Ubuntu', 'CATEGORY_ID': 'MLA1652', 'NAME': 'Notebooks'}
{'ID': 'MLA673439018', 'TITLE': 'Notebook Laptop Dell Inspiron I3 8gb 1tb 15,6 Fhd Ubuntu Teclado Con Ñ Gtia De Tienda Oficial - Factura A Y B', 'CATEGORY_ID': 'MLA1652', 'NAME': 'Notebooks'}
{'ID': 'MLA901140284', 'TITLE': 'Notebook Dell Latitude I7 3510 32gb 256ssd Geforce W10 Pro', 'CATEGORY_ID': 'MLA1652', 'NAME': 'Notebooks'}
